<?xml version="1.0" encoding="utf-8"?><testsuites name="pytest tests"><testsuite name="pytest" errors="0" failures="0" skipped="0" tests="15" time="1.892" timestamp="2026-04-29T14:21:47.787649+00:00" hostname="agent-env-3ec4a52d-72b0-44f4-84e8-95c4af752c50"><testcase classname="backend.tests.backend_test" name="test_root" time="0.278" /><testcase classname="backend.tests.backend_test" name="test_next_bill_no" time="0.099" /><testcase classname="backend.tests.backend_test" name="test_create_invoice_auto_bill_no" time="0.290" /><testcase classname="backend.tests.backend_test" name="test_create_invoice_explicit_bill_no" time="0.171" /><testcase classname="backend.tests.backend_test" name="test_list_invoices_sorted_desc" time="0.055" /><testcase classname="backend.tests.backend_test" name="test_list_invoices_filter_q" time="0.055" /><testcase classname="backend.tests.backend_test" name="test_get_invoice_by_id" time="0.062" /><testcase classname="backend.tests.backend_test" name="test_get_invoice_404" time="0.058" /><testcase classname="backend.tests.backend_test" name="test_update_invoice" time="0.117" /><testcase classname="backend.tests.backend_test" name="test_update_invoice_404" time="0.058" /><testcase classname="backend.tests.backend_test" name="test_customer_autosaved_after_invoice" time="0.070" /><testcase classname="backend.tests.backend_test" name="test_create_customer_idempotent" time="0.112" /><testcase classname="backend.tests.backend_test" name="test_delete_invoice" time="0.232" /><testcase classname="backend.tests.backend_test" name="test_delete_invoice_404" time="0.055" /><testcase classname="backend.tests.backend_test" name="test_zz_cleanup_test_customers" time="0.055" /></testsuite></testsuites>